<?xml version="1.0" encoding="UTF-8"?>
<!-- Generated by org.testng.reporters.JUnitXMLReporter -->
<testsuite ignored="0" hostname="RailofyQA" failures="0" tests="5" name="Default test" time="65.552" errors="0" timestamp="2025-07-02T14:37:45 IST">
  <testcase classname="com.crm.qa.testcases.ContactsPageTest" name="verifySelectSingleContactTest" time="1.78"/>
  <testcase classname="com.crm.qa.testcases.ContactsPageTest" name="validateCreateandVerifyContactTest" time="3.924"/>
  <testcase classname="com.crm.qa.testcases.ContactsPageTest" name="validateCreateandVerifyContactTest" time="4.2"/>
  <testcase classname="com.crm.qa.testcases.ContactsPageTest" name="validateCreateandVerifyContactTest" time="3.887"/>
  <testcase classname="com.crm.qa.testcases.ContactsPageTest" name="validateCreateandVerifyContactTest" time="3.895"/>
</testsuite> <!-- Default test -->
