<?xml version="1.0" encoding="UTF-8"?>
<!-- Generated by org.testng.reporters.JUnitXMLReporter -->
<testsuite ignored="0" hostname="RailofyQA" failures="0" tests="4" name="Default test" time="54.191" errors="0" timestamp="2025-07-07T19:40:56 IST">
  <testcase classname="com.crm.qa.testcases.LeadsPageTest" name="verifyLeadsCheckedTest" time="1.721"/>
  <testcase classname="com.crm.qa.testcases.LeadsPageTest" name="verifyFilterLeadsTest" time="4.339"/>
  <testcase classname="com.crm.qa.testcases.LeadsPageTest" name="verifyLeadCardExpandTest" time="5.115"/>
  <testcase classname="com.crm.qa.testcases.LeadsPageTest" name="verifyEditAndSaveLeads" time="5.41"/>
</testsuite> <!-- Default test -->
