<?xml version="1.0" encoding="UTF-8"?>
<testng-results ignored="0" total="1" passed="1" failed="0" skipped="0">
  <reporter-output>
  </reporter-output>
  <suite started-at="2025-07-09T10:41:37 IST" name="Default suite" finished-at="2025-07-09T10:41:52 IST" duration-ms="15015">
    <groups>
    </groups>
    <test started-at="2025-07-09T10:41:37 IST" name="Default test" finished-at="2025-07-09T10:41:52 IST" duration-ms="15015">
      <class name="com.crm.qa.testcases.OpportunitiesPageTest">
        <test-method is-config="true" signature="startUp()[pri:0, instance:com.crm.qa.testcases.OpportunitiesPageTest@35841320]" started-at="2025-07-09T10:41:37 IST" name="startUp" finished-at="2025-07-09T10:41:47 IST" duration-ms="10343" status="PASS">
          <reporter-output>
          </reporter-output>
        </test-method> <!-- startUp -->
        <test-method signature="verifyCreateOpportunityTest()[pri:3, instance:com.crm.qa.testcases.OpportunitiesPageTest@35841320]" started-at="2025-07-09T10:41:47 IST" name="verifyCreateOpportunityTest" finished-at="2025-07-09T10:41:52 IST" duration-ms="4633" status="PASS">
          <reporter-output>
          </reporter-output>
        </test-method> <!-- verifyCreateOpportunityTest -->
        <test-method is-config="true" signature="packUp()[pri:0, instance:com.crm.qa.testcases.OpportunitiesPageTest@35841320]" started-at="2025-07-09T10:41:52 IST" name="packUp" finished-at="2025-07-09T10:41:52 IST" duration-ms="1" status="PASS">
          <reporter-output>
          </reporter-output>
        </test-method> <!-- packUp -->
      </class> <!-- com.crm.qa.testcases.OpportunitiesPageTest -->
    </test> <!-- Default test -->
  </suite> <!-- Default suite -->
</testng-results>
