<?xml version="1.0" encoding="UTF-8"?>
<testng-results ignored="0" total="1" passed="1" failed="0" skipped="0">
  <reporter-output>
  </reporter-output>
  <suite started-at="2025-07-09T21:45:29 IST" name="Default suite" finished-at="2025-07-09T21:45:37 IST" duration-ms="7306">
    <groups>
    </groups>
    <test started-at="2025-07-09T21:45:29 IST" name="Default test" finished-at="2025-07-09T21:45:37 IST" duration-ms="7306">
      <class name="com.crm.qa.testcases.LoginPageTest">
        <test-method is-config="true" signature="setUp()[pri:0, instance:com.crm.qa.testcases.LoginPageTest@35841320]" started-at="2025-07-09T21:45:29 IST" name="setUp" finished-at="2025-07-09T21:45:35 IST" duration-ms="5331" status="PASS">
          <reporter-output>
          </reporter-output>
        </test-method> <!-- setUp -->
        <test-method signature="crmLogoTest()[pri:2, instance:com.crm.qa.testcases.LoginPageTest@35841320]" started-at="2025-07-09T21:45:35 IST" name="crmLogoTest" finished-at="2025-07-09T21:45:36 IST" duration-ms="1693" status="PASS">
          <reporter-output>
          </reporter-output>
        </test-method> <!-- crmLogoTest -->
        <test-method is-config="true" signature="tearDown()[pri:0, instance:com.crm.qa.testcases.LoginPageTest@35841320]" started-at="2025-07-09T21:45:36 IST" name="tearDown" finished-at="2025-07-09T21:45:37 IST" duration-ms="239" status="PASS">
          <reporter-output>
          </reporter-output>
        </test-method> <!-- tearDown -->
      </class> <!-- com.crm.qa.testcases.LoginPageTest -->
    </test> <!-- Default test -->
  </suite> <!-- Default suite -->
</testng-results>
