<?xml version="1.0" encoding="UTF-8"?>
<!-- Generated by org.testng.reporters.JUnitXMLReporter -->
<testsuite ignored="0" hostname="RailofyQA" failures="2" tests="13" name="FREE CRM ERP Testcases" time="169.912" errors="0" timestamp="2025-07-02T20:24:58 IST">
  <testcase classname="com.crm.qa.testcases.LoginPageTest" name="loginPageTitleTest" time="0.019"/>
  <testcase classname="com.crm.qa.testcases.LoginPageTest" name="crmLogoTest" time="1.379">
    <failure type="java.lang.AssertionError" message="expected [true] but found [false]">
      <![CDATA[java.lang.AssertionError: expected [true] but found [false]
at com.crm.qa.testcases.LoginPageTest.crmLogoTest(LoginPageTest.java:37)
at java.base/java.util.ArrayList.forEach(ArrayList.java:1597)
... Removed 29 stack frames]]>
    </failure>
  </testcase> <!-- crmLogoTest -->
  <testcase classname="com.crm.qa.testcases.LoginPageTest" name="loginTest" time="1.384"/>
  <testcase classname="com.crm.qa.testcases.HomePageTest" name="verifyHomePageTitleTest" time="0.001"/>
  <testcase classname="com.crm.qa.testcases.HomePageTest" name="verifyContactLinkTest" time="2.575"/>
  <testcase classname="com.crm.qa.testcases.HomePageTest" name="verifyLeadsLinkTest" time="2.707"/>
  <testcase classname="com.crm.qa.testcases.HomePageTest" name="verifyOpportunityTest" time="2.747"/>
  <testcase classname="com.crm.qa.testcases.ContactsPageTest" name="verifyContactsPageTitleTest" time="0.015">
    <failure type="java.lang.AssertionError" message="Contacts Page Title not matched expected [Contacts] but found [EspoCRM Demo]">
      <![CDATA[java.lang.AssertionError: Contacts Page Title not matched expected [Contacts] but found [EspoCRM Demo]
at com.crm.qa.testcases.ContactsPageTest.verifyContactsPageTitleTest(ContactsPageTest.java:46)
at java.base/java.util.ArrayList.forEach(ArrayList.java:1597)
... Removed 30 stack frames]]>
    </failure>
  </testcase> <!-- verifyContactsPageTitleTest -->
  <testcase classname="com.crm.qa.testcases.ContactsPageTest" name="verifySelectMultipleContactsTest" time="2.03"/>
  <testcase classname="com.crm.qa.testcases.ContactsPageTest" name="validateCreateandVerifyContactTest" time="4.029"/>
  <testcase classname="com.crm.qa.testcases.ContactsPageTest" name="validateCreateandVerifyContactTest" time="3.958"/>
  <testcase classname="com.crm.qa.testcases.ContactsPageTest" name="validateCreateandVerifyContactTest" time="3.872"/>
  <testcase classname="com.crm.qa.testcases.ContactsPageTest" name="validateCreateandVerifyContactTest" time="3.776"/>
</testsuite> <!-- FREE CRM ERP Testcases -->
